h:\graphicsforgames\nclgl\debug\nclgl.pdb
h:\graphicsforgames\nclgl\debug\nclgl.idb
h:\graphicsforgames\nclgl\debug\window.obj
h:\graphicsforgames\nclgl\debug\shader.obj
h:\graphicsforgames\nclgl\debug\scenenode.obj
h:\graphicsforgames\nclgl\debug\quaternion.obj
h:\graphicsforgames\nclgl\debug\plane.obj
h:\graphicsforgames\nclgl\debug\oglrenderer.obj
h:\graphicsforgames\nclgl\debug\objmesh.obj
h:\graphicsforgames\nclgl\debug\mouse.obj
h:\graphicsforgames\nclgl\debug\mesh.obj
h:\graphicsforgames\nclgl\debug\md5node.obj
h:\graphicsforgames\nclgl\debug\md5mesh.obj
h:\graphicsforgames\nclgl\debug\md5filedata.obj
h:\graphicsforgames\nclgl\debug\md5anim.obj
h:\graphicsforgames\nclgl\debug\matrix4.obj
h:\graphicsforgames\nclgl\debug\keyboard.obj
h:\graphicsforgames\nclgl\debug\gametimer.obj
h:\graphicsforgames\nclgl\debug\frustum.obj
h:\graphicsforgames\nclgl\debug\camera.obj
h:\graphicsforgames\nclgl\debug\heightmap.obj
h:\graphicsforgames\graphics for games\debug\nclgl.lib
h:\graphicsforgames\graphics for games\debug\nclgl.pdb
h:\graphicsforgames\nclgl\debug\nclgl.tlog\cl.command.1.tlog
h:\graphicsforgames\nclgl\debug\nclgl.tlog\cl.read.1.tlog
h:\graphicsforgames\nclgl\debug\nclgl.tlog\cl.write.1.tlog
h:\graphicsforgames\nclgl\debug\nclgl.tlog\lib-link.read.1.tlog
h:\graphicsforgames\nclgl\debug\nclgl.tlog\lib-link.write.1.tlog
h:\graphicsforgames\nclgl\debug\nclgl.tlog\lib.command.1.tlog
